<?xml version="1.0" encoding="UTF-8"?>
<testsuite xmlns:xsi="http://www.w3.org/2001/XMLSchema-instance" xsi:noNamespaceSchemaLocation="https://maven.apache.org/surefire/maven-surefire-plugin/xsd/surefire-test-report.xsd" name="com.adactin.runner.Runner" time="29.447" tests="42" errors="0" skipped="0" failures="0">
  <properties>
[...]
</properties>
  <testcase name="Given User launch the adactin application" classname="Scenario: Checking the valid username and password for login function" time="0.003"/>
  <testcase name="When User enter the valid username" classname="Scenario: Checking the valid username and password for login function" time="0"/>
  <testcase name="And User enter the valid password" classname="Scenario: Checking the valid username and password for login function" time="0"/>
  <testcase name="And User click the login button" classname="Scenario: Checking the valid username and password for login function" time="0"/>
  <testcase name="Then It lands to the homepage successfully" classname="Scenario: Checking the valid username and password for login function" time="0"/>
  <testcase name="Scenario: Checking the valid username and password for login function" classname="Scenario: Checking the valid username and password for login function" time="0.014"/>
  <testcase name="When User select the hotel location from the dropdown list" classname="Scenario: User searching the hotel in application" time="0"/>
  <testcase name="And User select the hotel from the dropdown list" classname="Scenario: User searching the hotel in application" time="0"/>
  <testcase name="And User select the room type from the dropdown list" classname="Scenario: User searching the hotel in application" time="0"/>
  <testcase name="And User select the number of rooms from the dropdown list" classname="Scenario: User searching the hotel in application" time="0.001"/>
  <testcase name="And User enter the check in date" classname="Scenario: User searching the hotel in application" time="0"/>
  <testcase name="And User enter the check out date" classname="Scenario: User searching the hotel in application" time="0"/>
  <testcase name="And User select the number of adults per room from the dropdown list" classname="Scenario: User searching the hotel in application" time="0"/>
  <testcase name="And User select the number of childs per room from the dropdown list" classname="Scenario: User searching the hotel in application" time="0"/>
  <testcase name="And User click the search button for searching the hotel" classname="Scenario: User searching the hotel in application" time="0"/>
  <testcase name="Then It lands to the search hotel page successfully" classname="Scenario: User searching the hotel in application" time="0"/>
  <testcase name="Scenario: User searching the hotel in application" classname="Scenario: User searching the hotel in application" time="0.008"/>
  <testcase name="When User reselects and confirms the selected hotel" classname="Scenario: User selecting and confirming the hotel in the application" time="0"/>
  <testcase name="And User clicks the continue button" classname="Scenario: User selecting and confirming the hotel in the application" time="0"/>
  <testcase name="Then It lands to the select hotel page successfully" classname="Scenario: User selecting and confirming the hotel in the application" time="0"/>
  <testcase name="Scenario: User selecting and confirming the hotel in the application" classname="Scenario: User selecting and confirming the hotel in the application" time="0.013"/>
  <testcase name="When User enter the first name" classname="Scenario: User booking the room in the hotel and making payment" time="0"/>
  <testcase name="And User enter the last name" classname="Scenario: User booking the room in the hotel and making payment" time="0"/>
  <testcase name="And User enter the address" classname="Scenario: User booking the room in the hotel and making payment" time="0"/>
  <testcase name="And User enter the credit card number" classname="Scenario: User booking the room in the hotel and making payment" time="0"/>
  <testcase name="And User enter the credit card type" classname="Scenario: User booking the room in the hotel and making payment" time="0"/>
  <testcase name="And User enter the expiry month of the credit card" classname="Scenario: User booking the room in the hotel and making payment" time="0"/>
  <testcase name="And User enter the expiry year of the credit card" classname="Scenario: User booking the room in the hotel and making payment" time="0"/>
  <testcase name="And User enter the credit card cvv number" classname="Scenario: User booking the room in the hotel and making payment" time="0"/>
  <testcase name="And User booking the room by clicking booknow button" classname="Scenario: User booking the room in the hotel and making payment" time="0"/>
  <testcase name="Then It lands to the booking hotel page successfully" classname="Scenario: User booking the room in the hotel and making payment" time="0"/>
  <testcase name="Scenario: User booking the room in the hotel and making payment" classname="Scenario: User booking the room in the hotel and making payment" time="0.03"/>
  <testcase name="When User click the my itinerary button and confirms" classname="Scenario: User confirming the booked room in the hotel" time="0"/>
  <testcase name="Then It lands to the booking confirm page successfully" classname="Scenario: User confirming the booked room in the hotel" time="0"/>
  <testcase name="Scenario: User confirming the booked room in the hotel" classname="Scenario: User confirming the booked room in the hotel" time="0.009"/>
  <testcase name="When User search the booked room and cancelling it" classname="Scenario: User cancel the booked room in the hotel" time="0"/>
  <testcase name="And User reconfirms the room cancellation" classname="Scenario: User cancel the booked room in the hotel" time="0"/>
  <testcase name="Then It lands to the booking itineray page successfully" classname="Scenario: User cancel the booked room in the hotel" time="0.001"/>
  <testcase name="Scenario: User cancel the booked room in the hotel" classname="Scenario: User cancel the booked room in the hotel" time="0.007"/>
  <testcase name="When User click the logout button for signing out" classname="Scenario: User signing out from the hotel application" time="0"/>
  <testcase name="Then It lands to the signout page successfully" classname="Scenario: User signing out from the hotel application" time="0"/>
  <testcase name="Scenario: User signing out from the hotel application" classname="Scenario: User signing out from the hotel application" time="0.011"/>
</testsuite>